Arguments: 
  /usr/local/bin/node /usr/local/Cellar/yarn/1.17.3/libexec/bin/yarn.js install

PATH: 
  /usr/local/sbin:/usr/local/bin:/usr/bin:/bin:/usr/sbin:/sbin:/usr/local/mongodb/bin:/usr/local/bin:/usr/bin:/bin:/usr/sbin:/sbin

Yarn version: 
  1.17.3

Node version: 
  12.16.3

Platform: 
  darwin x64

Trace: 
  Error: https://registry.yarnpkg.com/@ucloud%2fucloud-icons: Not found
      at Request.params.callback [as _callback] (/usr/local/Cellar/yarn/1.17.3/libexec/lib/cli.js:66830:18)
      at Request.self.callback (/usr/local/Cellar/yarn/1.17.3/libexec/lib/cli.js:140464:22)
      at Request.emit (events.js:310:20)
      at Request.<anonymous> (/usr/local/Cellar/yarn/1.17.3/libexec/lib/cli.js:141436:10)
      at Request.emit (events.js:310:20)
      at IncomingMessage.<anonymous> (/usr/local/Cellar/yarn/1.17.3/libexec/lib/cli.js:141358:12)
      at Object.onceWrapper (events.js:416:28)
      at IncomingMessage.emit (events.js:322:22)
      at endReadableNT (_stream_readable.js:1187:12)
      at processTicksAndRejections (internal/process/task_queues.js:84:21)

npm manifest: 
  {
    "name": "urtc-common-demo",
    "version": "0.1.0",
    "private": true,
    "dependencies": {
      "@testing-library/jest-dom": "^4.2.4",
      "@testing-library/react": "^9.3.2",
      "@testing-library/user-event": "^7.1.2",
      "@ucloud-fe/react-components": "^0.6.29",
      "@ucloud/ucloud-icons": "^1.70.4",
      "cross-env": "^7.0.2",
      "mobx": "^5.15.4",
      "mobx-react": "^6.3.1",
      "mobx-react-lite": "^3.0.0",
      "querystringify": "^2.2.0",
      "react": "^16.13.1",
      "react-copy-to-clipboard": "^5.0.2",
      "react-dom": "^16.13.1",
      "react-player": "1.12.0",
      "react-router-dom": "^5.2.0",
      "react-scripts": "3.4.1",
      "styled-components": "^3.4.10",
      "urtc-sdk": "^1.6.9"
    },
    "scripts": {
      "start": "REACT_APP_ENV=prod  react-app-rewired start",
      "start:pre": "REACT_APP_ENV=pre  react-app-rewired start",
      "build": " REACT_APP_ENV=prod react-app-rewired build",
      "build:pre": " REACT_APP_ENV=pre react-app-rewired build",
      "test": "react-app-rewired test",
      "eject": "react-app-rewired eject"
    },
    "eslintConfig": {
      "extends": "react-app"
    },
    "browserslist": {
      "production": [
        ">0.2%",
        "not dead",
        "not op_mini all"
      ],
      "development": [
        "last 1 chrome version",
        "last 1 firefox version",
        "last 1 safari version"
      ]
    },
    "devDependencies": {
      "@babel/core": "^7.10.4",
      "@babel/plugin-proposal-class-properties": "^7.10.4",
      "@babel/plugin-proposal-decorators": "^7.10.4",
      "babel-plugin-import": "^1.13.0",
      "customize-cra": "^1.0.0",
      "cz-conventional-changelog": "^3.2.0",
      "react-app-rewired": "^2.1.6"
    },
    "config": {
      "commitizen": {
        "path": "./node_modules/cz-conventional-changelog"
      },
      "babel": {
        "plugins": [
          [
            "@babel/plugin-proposal-decorators",
            {
              "legacy": true
            }
          ],
          [
            "@babel/plugin-proposal-class-properties",
            {
              "loose": true
            }
          ]
        ],
        "presets": [
          "react-app"
        ]
      }
    }
  }

yarn manifest: 
  No manifest

Lockfile: 
  No lockfile
